<?xml version="1.0" encoding="UTF-8"?>
<!-- Generated by org.testng.reporters.JUnitXMLReporter -->
<testsuite ignored="2" hostname="KajolG" failures="0" tests="38" name="BankProject Tests" time="13.473" errors="0" timestamp="2025-08-26T18:12:44 IST">
  <testcase classname="com.qa.herokuapp.tests.NewCustomerTest" name="@BeforeTest setUpUser" time="0.104">
    <failure type="java.lang.NullPointerException" message="Cannot invoke &amp;quot;org.openqa.selenium.SearchContext.findElement(org.openqa.selenium.By)&amp;quot; because &amp;quot;this.searchContext&amp;quot; is null">
      <![CDATA[java.lang.NullPointerException: Cannot invoke "org.openqa.selenium.SearchContext.findElement(org.openqa.selenium.By)" because "this.searchContext" is null
at org.openqa.selenium.support.pagefactory.DefaultElementLocator.findElement(DefaultElementLocator.java:68)
at org.openqa.selenium.support.pagefactory.internal.LocatingElementHandler.invoke(LocatingElementHandler.java:38)
at jdk.proxy2/jdk.proxy2.$Proxy32.click(Unknown Source)
at com.qa.herokuapp.pages.RegistrationPage.clickBankProjectLinktext(RegistrationPage.java:72)
at com.qa.herokuapp.tests.NewCustomerTest.setUpUser(NewCustomerTest.java:33)
... Removed 24 stack frames]]>
    </failure>
  </testcase> <!-- @BeforeTest setUpUser -->
  <testcase classname="com.qa.herokuapp.tests.NegativeCustomerTest" name="@BeforeClass openFormForThisClass" time="0.0">
    <skipped/>
  </testcase> <!-- @BeforeClass openFormForThisClass -->
  <testcase classname="com.qa.herokuapp.tests.NewCustomerTest" name="@BeforeClass openFormForThisClass" time="0.0">
    <skipped/>
  </testcase> <!-- @BeforeClass openFormForThisClass -->
  <testcase classname="com.qa.herokuapp.tests.NegativeCustomerTest" name="validateFieldError" time="0.0">
    <skipped/>
  </testcase> <!-- validateFieldError -->
  <testcase classname="com.qa.herokuapp.tests.NegativeCustomerTest" name="validateFieldError" time="0.0">
    <skipped/>
  </testcase> <!-- validateFieldError -->
  <testcase classname="com.qa.herokuapp.tests.NegativeCustomerTest" name="validateFieldError" time="0.0">
    <skipped/>
  </testcase> <!-- validateFieldError -->
  <testcase classname="com.qa.herokuapp.tests.NegativeCustomerTest" name="validateFieldError" time="0.0">
    <skipped/>
  </testcase> <!-- validateFieldError -->
  <testcase classname="com.qa.herokuapp.tests.NegativeCustomerTest" name="validateFieldError" time="0.0">
    <skipped/>
  </testcase> <!-- validateFieldError -->
  <testcase classname="com.qa.herokuapp.tests.NegativeCustomerTest" name="validateFieldError" time="0.0">
    <skipped/>
  </testcase> <!-- validateFieldError -->
  <testcase classname="com.qa.herokuapp.tests.NegativeCustomerTest" name="validateFieldError" time="0.0">
    <skipped/>
  </testcase> <!-- validateFieldError -->
  <testcase classname="com.qa.herokuapp.tests.NegativeCustomerTest" name="validateFieldError" time="0.0">
    <skipped/>
  </testcase> <!-- validateFieldError -->
  <testcase classname="com.qa.herokuapp.tests.NegativeCustomerTest" name="validateFieldError" time="0.0">
    <skipped/>
  </testcase> <!-- validateFieldError -->
  <testcase classname="com.qa.herokuapp.tests.NegativeCustomerTest" name="validateFieldError" time="0.0">
    <skipped/>
  </testcase> <!-- validateFieldError -->
  <testcase classname="com.qa.herokuapp.tests.NegativeCustomerTest" name="validateFieldError" time="0.0">
    <skipped/>
  </testcase> <!-- validateFieldError -->
  <testcase classname="com.qa.herokuapp.tests.NegativeCustomerTest" name="validateFieldError" time="0.0">
    <skipped/>
  </testcase> <!-- validateFieldError -->
  <testcase classname="com.qa.herokuapp.tests.NegativeCustomerTest" name="validateFieldError" time="0.0">
    <skipped/>
  </testcase> <!-- validateFieldError -->
  <testcase classname="com.qa.herokuapp.tests.NegativeCustomerTest" name="validateFieldError" time="0.0">
    <skipped/>
  </testcase> <!-- validateFieldError -->
  <testcase classname="com.qa.herokuapp.tests.NegativeCustomerTest" name="validateFieldError" time="0.0">
    <skipped/>
  </testcase> <!-- validateFieldError -->
  <testcase classname="com.qa.herokuapp.tests.NegativeCustomerTest" name="validateFieldError" time="0.0">
    <skipped/>
  </testcase> <!-- validateFieldError -->
  <testcase classname="com.qa.herokuapp.tests.NegativeCustomerTest" name="validateFieldError" time="0.0">
    <skipped/>
  </testcase> <!-- validateFieldError -->
  <testcase classname="com.qa.herokuapp.tests.NegativeCustomerTest" name="validateFieldError" time="0.0">
    <skipped/>
  </testcase> <!-- validateFieldError -->
  <testcase classname="com.qa.herokuapp.tests.NegativeCustomerTest" name="validateFieldError" time="0.0">
    <skipped/>
  </testcase> <!-- validateFieldError -->
  <testcase classname="com.qa.herokuapp.tests.NegativeCustomerTest" name="validateFieldError" time="0.0">
    <skipped/>
  </testcase> <!-- validateFieldError -->
  <testcase classname="com.qa.herokuapp.tests.NegativeCustomerTest" name="validateFieldError" time="0.0">
    <skipped/>
  </testcase> <!-- validateFieldError -->
  <testcase classname="com.qa.herokuapp.tests.NegativeCustomerTest" name="validateFieldError" time="0.0">
    <skipped/>
  </testcase> <!-- validateFieldError -->
  <testcase classname="com.qa.herokuapp.tests.NegativeCustomerTest" name="validateFieldError" time="0.0">
    <skipped/>
  </testcase> <!-- validateFieldError -->
  <testcase classname="com.qa.herokuapp.tests.NegativeCustomerTest" name="validateFieldError" time="0.0">
    <skipped/>
  </testcase> <!-- validateFieldError -->
  <testcase classname="com.qa.herokuapp.tests.NegativeCustomerTest" name="validateFieldError" time="0.0">
    <skipped/>
  </testcase> <!-- validateFieldError -->
  <testcase classname="com.qa.herokuapp.tests.NegativeCustomerTest" name="validateFieldError" time="0.0">
    <skipped/>
  </testcase> <!-- validateFieldError -->
  <testcase classname="com.qa.herokuapp.tests.NegativeCustomerTest" name="validateFieldError" time="0.0">
    <skipped/>
  </testcase> <!-- validateFieldError -->
  <testcase classname="com.qa.herokuapp.tests.NegativeCustomerTest" name="validateFieldError" time="0.0">
    <skipped/>
  </testcase> <!-- validateFieldError -->
  <testcase classname="com.qa.herokuapp.tests.NegativeCustomerTest" name="validateFieldError" time="0.0">
    <skipped/>
  </testcase> <!-- validateFieldError -->
  <testcase classname="com.qa.herokuapp.tests.NegativeCustomerTest" name="validateFieldError" time="0.0">
    <skipped/>
  </testcase> <!-- validateFieldError -->
  <testcase classname="com.qa.herokuapp.tests.NegativeCustomerTest" name="validateFieldError" time="0.0">
    <skipped/>
  </testcase> <!-- validateFieldError -->
  <testcase classname="com.qa.herokuapp.tests.NegativeCustomerTest" name="validateFieldError" time="0.0">
    <skipped/>
  </testcase> <!-- validateFieldError -->
  <testcase classname="com.qa.herokuapp.tests.NegativeCustomerTest" name="validateFieldError" time="0.0">
    <skipped/>
  </testcase> <!-- validateFieldError -->
  <testcase classname="com.qa.herokuapp.tests.NegativeCustomerTest" name="validateFieldError" time="0.0">
    <skipped/>
  </testcase> <!-- validateFieldError -->
  <testcase classname="com.qa.herokuapp.tests.NegativeCustomerTest" name="validateFieldError" time="0.0">
    <skipped/>
  </testcase> <!-- validateFieldError -->
  <testcase classname="com.qa.herokuapp.tests.NegativeCustomerTest" name="validateFieldError" time="0.0">
    <skipped/>
  </testcase> <!-- validateFieldError -->
  <testcase classname="com.qa.herokuapp.tests.NewCustomerTest" name="addCustomer" time="0.0">
    <skipped/>
  </testcase> <!-- addCustomer -->
  <testcase classname="com.qa.herokuapp.tests.NewCustomerTest" name="addCustomer" time="0.0">
    <skipped/>
  </testcase> <!-- addCustomer -->
  <testcase classname="com.qa.herokuapp.base.TestBase" name="@BeforeSuite loadConfig" time="0.0">
    <ignored/>
  </testcase> <!-- @BeforeSuite loadConfig -->
  <testcase classname="com.qa.herokuapp.base.TestBase" name="@BeforeTest initializeBrowser" time="0.0">
    <ignored/>
  </testcase> <!-- @BeforeTest initializeBrowser -->
</testsuite> <!-- BankProject Tests -->
