<?xml version="1.0" encoding="UTF-8"?>
<!-- Generated by org.testng.reporters.JUnitXMLReporter -->
<testsuite ignored="1" hostname="KajolG" failures="0" tests="38" name="Test" time="92.991" errors="0" timestamp="2025-08-28T12:41:31 IST">
  <testcase classname="com.qa.guru99.tests.NewCustomerTest" name="addCustomer" time="4.248"/>
  <testcase classname="com.qa.guru99.tests.NewCustomerTest" name="addCustomer" time="2.684"/>
  <testcase classname="com.qa.guru99.tests.NegativeCustomerTest" name="validateFieldError" time="0.863"/>
  <testcase classname="com.qa.guru99.tests.NegativeCustomerTest" name="validateFieldError" time="1.083"/>
  <testcase classname="com.qa.guru99.tests.NegativeCustomerTest" name="validateFieldError" time="0.84"/>
  <testcase classname="com.qa.guru99.tests.NegativeCustomerTest" name="validateFieldError" time="1.07"/>
  <testcase classname="com.qa.guru99.tests.NegativeCustomerTest" name="validateFieldError" time="0.917"/>
  <testcase classname="com.qa.guru99.tests.NegativeCustomerTest" name="validateFieldError" time="1.043"/>
  <testcase classname="com.qa.guru99.tests.NegativeCustomerTest" name="validateFieldError" time="2.479"/>
  <testcase classname="com.qa.guru99.tests.NegativeCustomerTest" name="validateFieldError" time="1.592"/>
  <testcase classname="com.qa.guru99.tests.NegativeCustomerTest" name="validateFieldError" time="0.861"/>
  <testcase classname="com.qa.guru99.tests.NegativeCustomerTest" name="validateFieldError" time="0.921"/>
  <testcase classname="com.qa.guru99.tests.NegativeCustomerTest" name="validateFieldError" time="1.478"/>
  <testcase classname="com.qa.guru99.tests.NegativeCustomerTest" name="validateFieldError" time="1.146"/>
  <testcase classname="com.qa.guru99.tests.NegativeCustomerTest" name="validateFieldError" time="1.445"/>
  <testcase classname="com.qa.guru99.tests.NegativeCustomerTest" name="validateFieldError" time="1.053"/>
  <testcase classname="com.qa.guru99.tests.NegativeCustomerTest" name="validateFieldError" time="1.838"/>
  <testcase classname="com.qa.guru99.tests.NegativeCustomerTest" name="validateFieldError" time="1.267"/>
  <testcase classname="com.qa.guru99.tests.NegativeCustomerTest" name="validateFieldError" time="0.952"/>
  <testcase classname="com.qa.guru99.tests.NegativeCustomerTest" name="validateFieldError" time="2.398"/>
  <testcase classname="com.qa.guru99.tests.NegativeCustomerTest" name="validateFieldError" time="1.453"/>
  <testcase classname="com.qa.guru99.tests.NegativeCustomerTest" name="validateFieldError" time="2.11"/>
  <testcase classname="com.qa.guru99.tests.NegativeCustomerTest" name="validateFieldError" time="2.158"/>
  <testcase classname="com.qa.guru99.tests.NegativeCustomerTest" name="validateFieldError" time="0.916"/>
  <testcase classname="com.qa.guru99.tests.NegativeCustomerTest" name="validateFieldError" time="1.675"/>
  <testcase classname="com.qa.guru99.tests.NegativeCustomerTest" name="validateFieldError" time="1.614"/>
  <testcase classname="com.qa.guru99.tests.NegativeCustomerTest" name="validateFieldError" time="1.261"/>
  <testcase classname="com.qa.guru99.tests.NegativeCustomerTest" name="validateFieldError" time="1.311"/>
  <testcase classname="com.qa.guru99.tests.NegativeCustomerTest" name="validateFieldError" time="1.411"/>
  <testcase classname="com.qa.guru99.tests.NegativeCustomerTest" name="validateFieldError" time="0.924"/>
  <testcase classname="com.qa.guru99.tests.NegativeCustomerTest" name="validateFieldError" time="2.32"/>
  <testcase classname="com.qa.guru99.tests.NegativeCustomerTest" name="validateFieldError" time="1.645"/>
  <testcase classname="com.qa.guru99.tests.NegativeCustomerTest" name="validateFieldError" time="1.138"/>
  <testcase classname="com.qa.guru99.tests.NegativeCustomerTest" name="validateFieldError" time="1.671"/>
  <testcase classname="com.qa.guru99.tests.NegativeCustomerTest" name="validateFieldError" time="1.131"/>
  <testcase classname="com.qa.guru99.tests.NegativeCustomerTest" name="validateFieldError" time="1.221"/>
  <testcase classname="com.qa.guru99.tests.NegativeCustomerTest" name="validateFieldError" time="0.903"/>
  <testcase classname="com.qa.guru99.tests.NegativeCustomerTest" name="validateFieldError" time="0.812"/>
  <testcase classname="com.qa.guru99.base.TestBase" name="@BeforeSuite loadConfig" time="0.0">
    <ignored/>
  </testcase> <!-- @BeforeSuite loadConfig -->
</testsuite> <!-- Test -->
