<?xml version="1.0" encoding="UTF-8"?>
<testng-results ignored="0" total="38" passed="38" failed="0" skipped="0">
  <reporter-output>
  </reporter-output>
  <suite started-at="2025-08-28T12:39:58 IST" name="Suite" finished-at="2025-08-28T12:41:31 IST" duration-ms="92991">
    <groups>
    </groups>
    <test started-at="2025-08-28T12:39:58 IST" name="Test" finished-at="2025-08-28T12:41:31 IST" duration-ms="92991">
      <class name="com.qa.guru99.tests.NegativeCustomerTest">
        <test-method is-config="true" signature="initializeBrowser()[pri:0, instance:com.qa.guru99.tests.NegativeCustomerTest@324dcd31]" started-at="2025-08-28T12:40:26 IST" name="initializeBrowser" finished-at="2025-08-28T12:40:36 IST" duration-ms="9919" status="PASS">
          <reporter-output>
          </reporter-output>
        </test-method> <!-- initializeBrowser -->
        <test-method is-config="true" signature="setUpUser()[pri:0, instance:com.qa.guru99.tests.NegativeCustomerTest@324dcd31]" started-at="2025-08-28T12:40:36 IST" name="setUpUser" finished-at="2025-08-28T12:40:41 IST" duration-ms="5177" status="PASS">
          <reporter-output>
          </reporter-output>
        </test-method> <!-- setUpUser -->
        <test-method signature="validateFieldError(java.lang.String,java.lang.String,java.lang.String)[pri:0, instance:com.qa.guru99.tests.NegativeCustomerTest@324dcd31]" started-at="2025-08-28T12:40:41 IST" name="validateFieldError" data-provider="getFieldValidationData" finished-at="2025-08-28T12:40:42 IST" duration-ms="863" status="PASS">
          <params>
            <param index="0">
              <value>
                <![CDATA[Name]]>
              </value>
            </param>
            <param index="1">
              <value>
                <![CDATA[12345]]>
              </value>
            </param>
            <param index="2">
              <value>
                <![CDATA[Numbers are not allowed]]>
              </value>
            </param>
          </params>
          <reporter-output>
          </reporter-output>
        </test-method> <!-- validateFieldError -->
        <test-method signature="validateFieldError(java.lang.String,java.lang.String,java.lang.String)[pri:0, instance:com.qa.guru99.tests.NegativeCustomerTest@324dcd31]" started-at="2025-08-28T12:40:42 IST" name="validateFieldError" data-provider="getFieldValidationData" finished-at="2025-08-28T12:40:43 IST" duration-ms="1083" status="PASS">
          <params>
            <param index="0">
              <value>
                <![CDATA[Name]]>
              </value>
            </param>
            <param index="1">
              <value>
                <![CDATA[!@#$]]>
              </value>
            </param>
            <param index="2">
              <value>
                <![CDATA[Special characters are not allowed]]>
              </value>
            </param>
          </params>
          <reporter-output>
          </reporter-output>
        </test-method> <!-- validateFieldError -->
        <test-method signature="validateFieldError(java.lang.String,java.lang.String,java.lang.String)[pri:0, instance:com.qa.guru99.tests.NegativeCustomerTest@324dcd31]" started-at="2025-08-28T12:40:43 IST" name="validateFieldError" data-provider="getFieldValidationData" finished-at="2025-08-28T12:40:44 IST" duration-ms="840" status="PASS">
          <params>
            <param index="0">
              <value>
                <![CDATA[Name]]>
              </value>
            </param>
            <param index="1">
              <value>
                <![CDATA[]]>
              </value>
            </param>
            <param index="2">
              <value>
                <![CDATA[Customer name must not be blank]]>
              </value>
            </param>
          </params>
          <reporter-output>
          </reporter-output>
        </test-method> <!-- validateFieldError -->
        <test-method signature="validateFieldError(java.lang.String,java.lang.String,java.lang.String)[pri:0, instance:com.qa.guru99.tests.NegativeCustomerTest@324dcd31]" started-at="2025-08-28T12:40:44 IST" name="validateFieldError" data-provider="getFieldValidationData" finished-at="2025-08-28T12:40:45 IST" duration-ms="1070" status="PASS">
          <params>
            <param index="0">
              <value>
                <![CDATA[Name]]>
              </value>
            </param>
            <param index="1">
              <value>
                <![CDATA[   ]]>
              </value>
            </param>
            <param index="2">
              <value>
                <![CDATA[Numbers are not allowed]]>
              </value>
            </param>
          </params>
          <reporter-output>
          </reporter-output>
        </test-method> <!-- validateFieldError -->
        <test-method signature="validateFieldError(java.lang.String,java.lang.String,java.lang.String)[pri:0, instance:com.qa.guru99.tests.NegativeCustomerTest@324dcd31]" started-at="2025-08-28T12:40:45 IST" name="validateFieldError" data-provider="getFieldValidationData" finished-at="2025-08-28T12:40:46 IST" duration-ms="917" status="PASS">
          <params>
            <param index="0">
              <value>
                <![CDATA[Name]]>
              </value>
            </param>
            <param index="1">
              <value>
                <![CDATA[!@#$]]>
              </value>
            </param>
            <param index="2">
              <value>
                <![CDATA[Special characters are not allowed]]>
              </value>
            </param>
          </params>
          <reporter-output>
          </reporter-output>
        </test-method> <!-- validateFieldError -->
        <test-method signature="validateFieldError(java.lang.String,java.lang.String,java.lang.String)[pri:0, instance:com.qa.guru99.tests.NegativeCustomerTest@324dcd31]" started-at="2025-08-28T12:40:46 IST" name="validateFieldError" data-provider="getFieldValidationData" finished-at="2025-08-28T12:40:47 IST" duration-ms="1043" status="PASS">
          <params>
            <param index="0">
              <value>
                <![CDATA[Name]]>
              </value>
            </param>
            <param index="1">
              <value>
                <![CDATA[Kajol Gupta]]>
              </value>
            </param>
            <param index="2">
              <value>
                <![CDATA[Numbers are not allowed]]>
              </value>
            </param>
          </params>
          <reporter-output>
          </reporter-output>
        </test-method> <!-- validateFieldError -->
        <test-method signature="validateFieldError(java.lang.String,java.lang.String,java.lang.String)[pri:0, instance:com.qa.guru99.tests.NegativeCustomerTest@324dcd31]" started-at="2025-08-28T12:40:47 IST" name="validateFieldError" data-provider="getFieldValidationData" finished-at="2025-08-28T12:40:50 IST" duration-ms="2479" status="PASS">
          <params>
            <param index="0">
              <value>
                <![CDATA[Gender]]>
              </value>
            </param>
            <param index="1">
              <value>
                <![CDATA[Female]]>
              </value>
            </param>
            <param index="2">
              <value>
                <![CDATA[]]>
              </value>
            </param>
          </params>
          <reporter-output>
          </reporter-output>
        </test-method> <!-- validateFieldError -->
        <test-method signature="validateFieldError(java.lang.String,java.lang.String,java.lang.String)[pri:0, instance:com.qa.guru99.tests.NegativeCustomerTest@324dcd31]" started-at="2025-08-28T12:40:50 IST" name="validateFieldError" data-provider="getFieldValidationData" finished-at="2025-08-28T12:40:51 IST" duration-ms="1592" status="PASS">
          <params>
            <param index="0">
              <value>
                <![CDATA[Gender]]>
              </value>
            </param>
            <param index="1">
              <value>
                <![CDATA[Male]]>
              </value>
            </param>
            <param index="2">
              <value>
                <![CDATA[]]>
              </value>
            </param>
          </params>
          <reporter-output>
          </reporter-output>
        </test-method> <!-- validateFieldError -->
        <test-method signature="validateFieldError(java.lang.String,java.lang.String,java.lang.String)[pri:0, instance:com.qa.guru99.tests.NegativeCustomerTest@324dcd31]" started-at="2025-08-28T12:40:51 IST" name="validateFieldError" data-provider="getFieldValidationData" finished-at="2025-08-28T12:40:52 IST" duration-ms="861" status="PASS">
          <params>
            <param index="0">
              <value>
                <![CDATA[DOB]]>
              </value>
            </param>
            <param index="1">
              <value>
                <![CDATA[11-05-1998]]>
              </value>
            </param>
            <param index="2">
              <value>
                <![CDATA[]]>
              </value>
            </param>
          </params>
          <reporter-output>
          </reporter-output>
        </test-method> <!-- validateFieldError -->
        <test-method signature="validateFieldError(java.lang.String,java.lang.String,java.lang.String)[pri:0, instance:com.qa.guru99.tests.NegativeCustomerTest@324dcd31]" started-at="2025-08-28T12:40:52 IST" name="validateFieldError" data-provider="getFieldValidationData" finished-at="2025-08-28T12:40:53 IST" duration-ms="921" status="PASS">
          <params>
            <param index="0">
              <value>
                <![CDATA[DOB]]>
              </value>
            </param>
            <param index="1">
              <value>
                <![CDATA[12-05-1996]]>
              </value>
            </param>
            <param index="2">
              <value>
                <![CDATA[]]>
              </value>
            </param>
          </params>
          <reporter-output>
          </reporter-output>
        </test-method> <!-- validateFieldError -->
        <test-method signature="validateFieldError(java.lang.String,java.lang.String,java.lang.String)[pri:0, instance:com.qa.guru99.tests.NegativeCustomerTest@324dcd31]" started-at="2025-08-28T12:40:53 IST" name="validateFieldError" data-provider="getFieldValidationData" finished-at="2025-08-28T12:40:54 IST" duration-ms="1478" status="PASS">
          <params>
            <param index="0">
              <value>
                <![CDATA[Address]]>
              </value>
            </param>
            <param index="1">
              <value>
                <![CDATA[Main St. 123]]>
              </value>
            </param>
            <param index="2">
              <value>
                <![CDATA[]]>
              </value>
            </param>
          </params>
          <reporter-output>
          </reporter-output>
        </test-method> <!-- validateFieldError -->
        <test-method signature="validateFieldError(java.lang.String,java.lang.String,java.lang.String)[pri:0, instance:com.qa.guru99.tests.NegativeCustomerTest@324dcd31]" started-at="2025-08-28T12:40:54 IST" name="validateFieldError" data-provider="getFieldValidationData" finished-at="2025-08-28T12:40:56 IST" duration-ms="1146" status="PASS">
          <params>
            <param index="0">
              <value>
                <![CDATA[Address]]>
              </value>
            </param>
            <param index="1">
              <value>
                <![CDATA[]]>
              </value>
            </param>
            <param index="2">
              <value>
                <![CDATA[]]>
              </value>
            </param>
          </params>
          <reporter-output>
          </reporter-output>
        </test-method> <!-- validateFieldError -->
        <test-method signature="validateFieldError(java.lang.String,java.lang.String,java.lang.String)[pri:0, instance:com.qa.guru99.tests.NegativeCustomerTest@324dcd31]" started-at="2025-08-28T12:40:56 IST" name="validateFieldError" data-provider="getFieldValidationData" finished-at="2025-08-28T12:40:57 IST" duration-ms="1445" status="PASS">
          <params>
            <param index="0">
              <value>
                <![CDATA[Address]]>
              </value>
            </param>
            <param index="1">
              <value>
                <![CDATA[Street No 3443]]>
              </value>
            </param>
            <param index="2">
              <value>
                <![CDATA[]]>
              </value>
            </param>
          </params>
          <reporter-output>
          </reporter-output>
        </test-method> <!-- validateFieldError -->
        <test-method signature="validateFieldError(java.lang.String,java.lang.String,java.lang.String)[pri:0, instance:com.qa.guru99.tests.NegativeCustomerTest@324dcd31]" started-at="2025-08-28T12:40:57 IST" name="validateFieldError" data-provider="getFieldValidationData" finished-at="2025-08-28T12:40:58 IST" duration-ms="1053" status="PASS">
          <params>
            <param index="0">
              <value>
                <![CDATA[City]]>
              </value>
            </param>
            <param index="1">
              <value>
                <![CDATA[123]]>
              </value>
            </param>
            <param index="2">
              <value>
                <![CDATA[Numbers are not allowed]]>
              </value>
            </param>
          </params>
          <reporter-output>
          </reporter-output>
        </test-method> <!-- validateFieldError -->
        <test-method signature="validateFieldError(java.lang.String,java.lang.String,java.lang.String)[pri:0, instance:com.qa.guru99.tests.NegativeCustomerTest@324dcd31]" started-at="2025-08-28T12:40:58 IST" name="validateFieldError" data-provider="getFieldValidationData" finished-at="2025-08-28T12:41:00 IST" duration-ms="1838" status="PASS">
          <params>
            <param index="0">
              <value>
                <![CDATA[City]]>
              </value>
            </param>
            <param index="1">
              <value>
                <![CDATA[!@#$]]>
              </value>
            </param>
            <param index="2">
              <value>
                <![CDATA[Special characters are not allowed]]>
              </value>
            </param>
          </params>
          <reporter-output>
          </reporter-output>
        </test-method> <!-- validateFieldError -->
        <test-method signature="validateFieldError(java.lang.String,java.lang.String,java.lang.String)[pri:0, instance:com.qa.guru99.tests.NegativeCustomerTest@324dcd31]" started-at="2025-08-28T12:41:00 IST" name="validateFieldError" data-provider="getFieldValidationData" finished-at="2025-08-28T12:41:01 IST" duration-ms="1267" status="PASS">
          <params>
            <param index="0">
              <value>
                <![CDATA[City]]>
              </value>
            </param>
            <param index="1">
              <value>
                <![CDATA[]]>
              </value>
            </param>
            <param index="2">
              <value>
                <![CDATA[City Field must be not blank]]>
              </value>
            </param>
          </params>
          <reporter-output>
          </reporter-output>
        </test-method> <!-- validateFieldError -->
        <test-method signature="validateFieldError(java.lang.String,java.lang.String,java.lang.String)[pri:0, instance:com.qa.guru99.tests.NegativeCustomerTest@324dcd31]" started-at="2025-08-28T12:41:01 IST" name="validateFieldError" data-provider="getFieldValidationData" finished-at="2025-08-28T12:41:02 IST" duration-ms="952" status="PASS">
          <params>
            <param index="0">
              <value>
                <![CDATA[City]]>
              </value>
            </param>
            <param index="1">
              <value>
                <![CDATA[New York]]>
              </value>
            </param>
            <param index="2">
              <value>
                <![CDATA[Numbers are not allowed]]>
              </value>
            </param>
          </params>
          <reporter-output>
          </reporter-output>
        </test-method> <!-- validateFieldError -->
        <test-method signature="validateFieldError(java.lang.String,java.lang.String,java.lang.String)[pri:0, instance:com.qa.guru99.tests.NegativeCustomerTest@324dcd31]" started-at="2025-08-28T12:41:02 IST" name="validateFieldError" data-provider="getFieldValidationData" finished-at="2025-08-28T12:41:05 IST" duration-ms="2398" status="PASS">
          <params>
            <param index="0">
              <value>
                <![CDATA[City]]>
              </value>
            </param>
            <param index="1">
              <value>
                <![CDATA[   ]]>
              </value>
            </param>
            <param index="2">
              <value>
                <![CDATA[Numbers are not allowed]]>
              </value>
            </param>
          </params>
          <reporter-output>
          </reporter-output>
        </test-method> <!-- validateFieldError -->
        <test-method signature="validateFieldError(java.lang.String,java.lang.String,java.lang.String)[pri:0, instance:com.qa.guru99.tests.NegativeCustomerTest@324dcd31]" started-at="2025-08-28T12:41:05 IST" name="validateFieldError" data-provider="getFieldValidationData" finished-at="2025-08-28T12:41:06 IST" duration-ms="1453" status="PASS">
          <params>
            <param index="0">
              <value>
                <![CDATA[State]]>
              </value>
            </param>
            <param index="1">
              <value>
                <![CDATA[123]]>
              </value>
            </param>
            <param index="2">
              <value>
                <![CDATA[Numbers are not allowed]]>
              </value>
            </param>
          </params>
          <reporter-output>
          </reporter-output>
        </test-method> <!-- validateFieldError -->
        <test-method signature="validateFieldError(java.lang.String,java.lang.String,java.lang.String)[pri:0, instance:com.qa.guru99.tests.NegativeCustomerTest@324dcd31]" started-at="2025-08-28T12:41:06 IST" name="validateFieldError" data-provider="getFieldValidationData" finished-at="2025-08-28T12:41:08 IST" duration-ms="2110" status="PASS">
          <params>
            <param index="0">
              <value>
                <![CDATA[State]]>
              </value>
            </param>
            <param index="1">
              <value>
                <![CDATA[!@#$]]>
              </value>
            </param>
            <param index="2">
              <value>
                <![CDATA[Special characters are not allowed]]>
              </value>
            </param>
          </params>
          <reporter-output>
          </reporter-output>
        </test-method> <!-- validateFieldError -->
        <test-method signature="validateFieldError(java.lang.String,java.lang.String,java.lang.String)[pri:0, instance:com.qa.guru99.tests.NegativeCustomerTest@324dcd31]" started-at="2025-08-28T12:41:08 IST" name="validateFieldError" data-provider="getFieldValidationData" finished-at="2025-08-28T12:41:10 IST" duration-ms="2158" status="PASS">
          <params>
            <param index="0">
              <value>
                <![CDATA[State]]>
              </value>
            </param>
            <param index="1">
              <value>
                <![CDATA[]]>
              </value>
            </param>
            <param index="2">
              <value>
                <![CDATA[State must not be blank]]>
              </value>
            </param>
          </params>
          <reporter-output>
          </reporter-output>
        </test-method> <!-- validateFieldError -->
        <test-method signature="validateFieldError(java.lang.String,java.lang.String,java.lang.String)[pri:0, instance:com.qa.guru99.tests.NegativeCustomerTest@324dcd31]" started-at="2025-08-28T12:41:10 IST" name="validateFieldError" data-provider="getFieldValidationData" finished-at="2025-08-28T12:41:11 IST" duration-ms="916" status="PASS">
          <params>
            <param index="0">
              <value>
                <![CDATA[State]]>
              </value>
            </param>
            <param index="1">
              <value>
                <![CDATA[New York]]>
              </value>
            </param>
            <param index="2">
              <value>
                <![CDATA[Numbers are not allowed]]>
              </value>
            </param>
          </params>
          <reporter-output>
          </reporter-output>
        </test-method> <!-- validateFieldError -->
        <test-method signature="validateFieldError(java.lang.String,java.lang.String,java.lang.String)[pri:0, instance:com.qa.guru99.tests.NegativeCustomerTest@324dcd31]" started-at="2025-08-28T12:41:11 IST" name="validateFieldError" data-provider="getFieldValidationData" finished-at="2025-08-28T12:41:13 IST" duration-ms="1675" status="PASS">
          <params>
            <param index="0">
              <value>
                <![CDATA[State]]>
              </value>
            </param>
            <param index="1">
              <value>
                <![CDATA[   ]]>
              </value>
            </param>
            <param index="2">
              <value>
                <![CDATA[Numbers are not allowed]]>
              </value>
            </param>
          </params>
          <reporter-output>
          </reporter-output>
        </test-method> <!-- validateFieldError -->
        <test-method signature="validateFieldError(java.lang.String,java.lang.String,java.lang.String)[pri:0, instance:com.qa.guru99.tests.NegativeCustomerTest@324dcd31]" started-at="2025-08-28T12:41:13 IST" name="validateFieldError" data-provider="getFieldValidationData" finished-at="2025-08-28T12:41:14 IST" duration-ms="1614" status="PASS">
          <params>
            <param index="0">
              <value>
                <![CDATA[Pin]]>
              </value>
            </param>
            <param index="1">
              <value>
                <![CDATA[abc]]>
              </value>
            </param>
            <param index="2">
              <value>
                <![CDATA[Characters are not allowed]]>
              </value>
            </param>
          </params>
          <reporter-output>
          </reporter-output>
        </test-method> <!-- validateFieldError -->
        <test-method signature="validateFieldError(java.lang.String,java.lang.String,java.lang.String)[pri:0, instance:com.qa.guru99.tests.NegativeCustomerTest@324dcd31]" started-at="2025-08-28T12:41:14 IST" name="validateFieldError" data-provider="getFieldValidationData" finished-at="2025-08-28T12:41:16 IST" duration-ms="1261" status="PASS">
          <params>
            <param index="0">
              <value>
                <![CDATA[Pin]]>
              </value>
            </param>
            <param index="1">
              <value>
                <![CDATA[123]]>
              </value>
            </param>
            <param index="2">
              <value>
                <![CDATA[PIN Code must have 6 Digits]]>
              </value>
            </param>
          </params>
          <reporter-output>
          </reporter-output>
        </test-method> <!-- validateFieldError -->
        <test-method signature="validateFieldError(java.lang.String,java.lang.String,java.lang.String)[pri:0, instance:com.qa.guru99.tests.NegativeCustomerTest@324dcd31]" started-at="2025-08-28T12:41:16 IST" name="validateFieldError" data-provider="getFieldValidationData" finished-at="2025-08-28T12:41:17 IST" duration-ms="1311" status="PASS">
          <params>
            <param index="0">
              <value>
                <![CDATA[Pin]]>
              </value>
            </param>
            <param index="1">
              <value>
                <![CDATA[!@#$]]>
              </value>
            </param>
            <param index="2">
              <value>
                <![CDATA[Special characters are not allowed]]>
              </value>
            </param>
          </params>
          <reporter-output>
          </reporter-output>
        </test-method> <!-- validateFieldError -->
        <test-method signature="validateFieldError(java.lang.String,java.lang.String,java.lang.String)[pri:0, instance:com.qa.guru99.tests.NegativeCustomerTest@324dcd31]" started-at="2025-08-28T12:41:17 IST" name="validateFieldError" data-provider="getFieldValidationData" finished-at="2025-08-28T12:41:18 IST" duration-ms="1411" status="PASS">
          <params>
            <param index="0">
              <value>
                <![CDATA[Pin]]>
              </value>
            </param>
            <param index="1">
              <value>
                <![CDATA[]]>
              </value>
            </param>
            <param index="2">
              <value>
                <![CDATA[PIN Code must not be blank]]>
              </value>
            </param>
          </params>
          <reporter-output>
          </reporter-output>
        </test-method> <!-- validateFieldError -->
        <test-method signature="validateFieldError(java.lang.String,java.lang.String,java.lang.String)[pri:0, instance:com.qa.guru99.tests.NegativeCustomerTest@324dcd31]" started-at="2025-08-28T12:41:18 IST" name="validateFieldError" data-provider="getFieldValidationData" finished-at="2025-08-28T12:41:19 IST" duration-ms="924" status="PASS">
          <params>
            <param index="0">
              <value>
                <![CDATA[Pin]]>
              </value>
            </param>
            <param index="1">
              <value>
                <![CDATA[  ]]>
              </value>
            </param>
            <param index="2">
              <value>
                <![CDATA[Characters are not allowed]]>
              </value>
            </param>
          </params>
          <reporter-output>
          </reporter-output>
        </test-method> <!-- validateFieldError -->
        <test-method signature="validateFieldError(java.lang.String,java.lang.String,java.lang.String)[pri:0, instance:com.qa.guru99.tests.NegativeCustomerTest@324dcd31]" started-at="2025-08-28T12:41:19 IST" name="validateFieldError" data-provider="getFieldValidationData" finished-at="2025-08-28T12:41:22 IST" duration-ms="2320" status="PASS">
          <params>
            <param index="0">
              <value>
                <![CDATA[Mobile]]>
              </value>
            </param>
            <param index="1">
              <value>
                <![CDATA[abc]]>
              </value>
            </param>
            <param index="2">
              <value>
                <![CDATA[Characters are not allowed]]>
              </value>
            </param>
          </params>
          <reporter-output>
          </reporter-output>
        </test-method> <!-- validateFieldError -->
        <test-method signature="validateFieldError(java.lang.String,java.lang.String,java.lang.String)[pri:0, instance:com.qa.guru99.tests.NegativeCustomerTest@324dcd31]" started-at="2025-08-28T12:41:22 IST" name="validateFieldError" data-provider="getFieldValidationData" finished-at="2025-08-28T12:41:23 IST" duration-ms="1645" status="PASS">
          <params>
            <param index="0">
              <value>
                <![CDATA[Mobile]]>
              </value>
            </param>
            <param index="1">
              <value>
                <![CDATA[!@#$]]>
              </value>
            </param>
            <param index="2">
              <value>
                <![CDATA[Special characters are not allowed]]>
              </value>
            </param>
          </params>
          <reporter-output>
          </reporter-output>
        </test-method> <!-- validateFieldError -->
        <test-method signature="validateFieldError(java.lang.String,java.lang.String,java.lang.String)[pri:0, instance:com.qa.guru99.tests.NegativeCustomerTest@324dcd31]" started-at="2025-08-28T12:41:23 IST" name="validateFieldError" data-provider="getFieldValidationData" finished-at="2025-08-28T12:41:25 IST" duration-ms="1138" status="PASS">
          <params>
            <param index="0">
              <value>
                <![CDATA[Mobile]]>
              </value>
            </param>
            <param index="1">
              <value>
                <![CDATA[]]>
              </value>
            </param>
            <param index="2">
              <value>
                <![CDATA[Telephone no must not be blank]]>
              </value>
            </param>
          </params>
          <reporter-output>
          </reporter-output>
        </test-method> <!-- validateFieldError -->
        <test-method signature="validateFieldError(java.lang.String,java.lang.String,java.lang.String)[pri:0, instance:com.qa.guru99.tests.NegativeCustomerTest@324dcd31]" started-at="2025-08-28T12:41:25 IST" name="validateFieldError" data-provider="getFieldValidationData" finished-at="2025-08-28T12:41:26 IST" duration-ms="1671" status="PASS">
          <params>
            <param index="0">
              <value>
                <![CDATA[Mobile]]>
              </value>
            </param>
            <param index="1">
              <value>
                <![CDATA[   ]]>
              </value>
            </param>
            <param index="2">
              <value>
                <![CDATA[Characters are not allowed]]>
              </value>
            </param>
          </params>
          <reporter-output>
          </reporter-output>
        </test-method> <!-- validateFieldError -->
        <test-method signature="validateFieldError(java.lang.String,java.lang.String,java.lang.String)[pri:0, instance:com.qa.guru99.tests.NegativeCustomerTest@324dcd31]" started-at="2025-08-28T12:41:26 IST" name="validateFieldError" data-provider="getFieldValidationData" finished-at="2025-08-28T12:41:27 IST" duration-ms="1131" status="PASS">
          <params>
            <param index="0">
              <value>
                <![CDATA[Email]]>
              </value>
            </param>
            <param index="1">
              <value>
                <![CDATA[abc]]>
              </value>
            </param>
            <param index="2">
              <value>
                <![CDATA[Email-ID is not valid]]>
              </value>
            </param>
          </params>
          <reporter-output>
          </reporter-output>
        </test-method> <!-- validateFieldError -->
        <test-method signature="validateFieldError(java.lang.String,java.lang.String,java.lang.String)[pri:0, instance:com.qa.guru99.tests.NegativeCustomerTest@324dcd31]" started-at="2025-08-28T12:41:27 IST" name="validateFieldError" data-provider="getFieldValidationData" finished-at="2025-08-28T12:41:29 IST" duration-ms="1221" status="PASS">
          <params>
            <param index="0">
              <value>
                <![CDATA[Email]]>
              </value>
            </param>
            <param index="1">
              <value>
                <![CDATA[avc@gmail.]]>
              </value>
            </param>
            <param index="2">
              <value>
                <![CDATA[Email-ID is not valid]]>
              </value>
            </param>
          </params>
          <reporter-output>
          </reporter-output>
        </test-method> <!-- validateFieldError -->
        <test-method signature="validateFieldError(java.lang.String,java.lang.String,java.lang.String)[pri:0, instance:com.qa.guru99.tests.NegativeCustomerTest@324dcd31]" started-at="2025-08-28T12:41:29 IST" name="validateFieldError" data-provider="getFieldValidationData" finished-at="2025-08-28T12:41:29 IST" duration-ms="903" status="PASS">
          <params>
            <param index="0">
              <value>
                <![CDATA[Email]]>
              </value>
            </param>
            <param index="1">
              <value>
                <![CDATA[]]>
              </value>
            </param>
            <param index="2">
              <value>
                <![CDATA[Email-ID must not be blank]]>
              </value>
            </param>
          </params>
          <reporter-output>
          </reporter-output>
        </test-method> <!-- validateFieldError -->
        <test-method signature="validateFieldError(java.lang.String,java.lang.String,java.lang.String)[pri:0, instance:com.qa.guru99.tests.NegativeCustomerTest@324dcd31]" started-at="2025-08-28T12:41:29 IST" name="validateFieldError" data-provider="getFieldValidationData" finished-at="2025-08-28T12:41:30 IST" duration-ms="812" status="PASS">
          <params>
            <param index="0">
              <value>
                <![CDATA[Email]]>
              </value>
            </param>
            <param index="1">
              <value>
                <![CDATA[  ]]>
              </value>
            </param>
            <param index="2">
              <value>
                <![CDATA[Email-ID is not valid]]>
              </value>
            </param>
          </params>
          <reporter-output>
          </reporter-output>
        </test-method> <!-- validateFieldError -->
        <test-method is-config="true" signature="closeBrowser()[pri:0, instance:com.qa.guru99.tests.NegativeCustomerTest@324dcd31]" started-at="2025-08-28T12:41:30 IST" name="closeBrowser" finished-at="2025-08-28T12:41:31 IST" duration-ms="374" status="PASS">
          <reporter-output>
          </reporter-output>
        </test-method> <!-- closeBrowser -->
      </class> <!-- com.qa.guru99.tests.NegativeCustomerTest -->
      <class name="com.qa.guru99.tests.NewCustomerTest">
        <test-method is-config="true" signature="loadConfig()[pri:0, instance:com.qa.guru99.tests.NewCustomerTest@251f7d26]" started-at="2025-08-28T12:39:58 IST" name="loadConfig" finished-at="2025-08-28T12:39:58 IST" duration-ms="14" status="PASS">
          <reporter-output>
          </reporter-output>
        </test-method> <!-- loadConfig -->
        <test-method is-config="true" signature="initializeBrowser()[pri:0, instance:com.qa.guru99.tests.NewCustomerTest@251f7d26]" started-at="2025-08-28T12:39:58 IST" name="initializeBrowser" finished-at="2025-08-28T12:40:08 IST" duration-ms="10611" status="PASS">
          <reporter-output>
          </reporter-output>
        </test-method> <!-- initializeBrowser -->
        <test-method is-config="true" signature="setUpUser()[pri:0, instance:com.qa.guru99.tests.NewCustomerTest@251f7d26]" started-at="2025-08-28T12:40:08 IST" name="setUpUser" finished-at="2025-08-28T12:40:17 IST" duration-ms="8716" status="PASS">
          <reporter-output>
          </reporter-output>
        </test-method> <!-- setUpUser -->
        <test-method signature="addCustomer(java.lang.String,java.lang.String,java.lang.String,java.lang.String,java.lang.String,java.lang.String,java.lang.String,java.lang.String,java.lang.String)[pri:0, instance:com.qa.guru99.tests.NewCustomerTest@251f7d26]" started-at="2025-08-28T12:40:18 IST" name="addCustomer" data-provider="getCustomerData" finished-at="2025-08-28T12:40:23 IST" duration-ms="4248" status="PASS">
          <params>
            <param index="0">
              <value>
                <![CDATA[John]]>
              </value>
            </param>
            <param index="1">
              <value>
                <![CDATA[Female]]>
              </value>
            </param>
            <param index="2">
              <value>
                <![CDATA[01-01-1990]]>
              </value>
            </param>
            <param index="3">
              <value>
                <![CDATA[123 Main St]]>
              </value>
            </param>
            <param index="4">
              <value>
                <![CDATA[Dallas]]>
              </value>
            </param>
            <param index="5">
              <value>
                <![CDATA[Texas]]>
              </value>
            </param>
            <param index="6">
              <value>
                <![CDATA[123456]]>
              </value>
            </param>
            <param index="7">
              <value>
                <![CDATA[1234422323]]>
              </value>
            </param>
            <param index="8">
              <value>
                <![CDATA[john@example.com]]>
              </value>
            </param>
          </params>
          <reporter-output>
          </reporter-output>
        </test-method> <!-- addCustomer -->
        <test-method signature="addCustomer(java.lang.String,java.lang.String,java.lang.String,java.lang.String,java.lang.String,java.lang.String,java.lang.String,java.lang.String,java.lang.String)[pri:0, instance:com.qa.guru99.tests.NewCustomerTest@251f7d26]" started-at="2025-08-28T12:40:23 IST" name="addCustomer" data-provider="getCustomerData" finished-at="2025-08-28T12:40:25 IST" duration-ms="2684" status="PASS">
          <params>
            <param index="0">
              <value>
                <![CDATA[Alice]]>
              </value>
            </param>
            <param index="1">
              <value>
                <![CDATA[Male]]>
              </value>
            </param>
            <param index="2">
              <value>
                <![CDATA[12-12-1985]]>
              </value>
            </param>
            <param index="3">
              <value>
                <![CDATA[456 Elm St]]>
              </value>
            </param>
            <param index="4">
              <value>
                <![CDATA[Austin]]>
              </value>
            </param>
            <param index="5">
              <value>
                <![CDATA[Texas]]>
              </value>
            </param>
            <param index="6">
              <value>
                <![CDATA[654321]]>
              </value>
            </param>
            <param index="7">
              <value>
                <![CDATA[1234567890]]>
              </value>
            </param>
            <param index="8">
              <value>
                <![CDATA[alice@example.com]]>
              </value>
            </param>
          </params>
          <reporter-output>
          </reporter-output>
        </test-method> <!-- addCustomer -->
        <test-method is-config="true" signature="closeBrowser()[pri:0, instance:com.qa.guru99.tests.NewCustomerTest@251f7d26]" started-at="2025-08-28T12:40:25 IST" name="closeBrowser" finished-at="2025-08-28T12:40:26 IST" duration-ms="673" status="PASS">
          <reporter-output>
          </reporter-output>
        </test-method> <!-- closeBrowser -->
      </class> <!-- com.qa.guru99.tests.NewCustomerTest -->
    </test> <!-- Test -->
  </suite> <!-- Suite -->
</testng-results>
